<?xml version="1.0" encoding="UTF-8"?>
<testng-results skipped="0" failed="0" ignored="0" total="2" passed="2">
  <reporter-output>
  </reporter-output>
  <suite name="Suite" duration-ms="28340" started-at="2021-06-17T19:24:22Z" finished-at="2021-06-17T19:24:50Z">
    <groups>
    </groups>
    <test name="Test" duration-ms="28340" started-at="2021-06-17T19:24:22Z" finished-at="2021-06-17T19:24:50Z">
      <class name="taskParaBank.TaskPara">
        <test-method status="PASS" signature="beforeClass()[pri:0, instance:taskParaBank.TaskPara@57baeedf]" name="beforeClass" is-config="true" duration-ms="11450" started-at="2021-06-17T19:24:22Z" finished-at="2021-06-17T19:24:33Z">
          <reporter-output>
          </reporter-output>
        </test-method> <!-- beforeClass -->
        <test-method status="PASS" signature="beforeMethod()[pri:0, instance:taskParaBank.TaskPara@57baeedf]" name="beforeMethod" is-config="true" duration-ms="2" started-at="2021-06-17T19:24:33Z" finished-at="2021-06-17T19:24:33Z">
          <reporter-output>
          </reporter-output>
        </test-method> <!-- beforeMethod -->
        <test-method status="PASS" signature="test1()[pri:0, instance:taskParaBank.TaskPara@57baeedf]" name="test1" duration-ms="5343" started-at="2021-06-17T19:24:33Z" finished-at="2021-06-17T19:24:38Z">
          <reporter-output>
          </reporter-output>
        </test-method> <!-- test1 -->
        <test-method status="PASS" signature="afterMethod()[pri:0, instance:taskParaBank.TaskPara@57baeedf]" name="afterMethod" is-config="true" duration-ms="1" started-at="2021-06-17T19:24:38Z" finished-at="2021-06-17T19:24:38Z">
          <reporter-output>
          </reporter-output>
        </test-method> <!-- afterMethod -->
        <test-method status="PASS" signature="test2()[pri:0, instance:taskParaBank.TaskPara@57baeedf]" name="test2" duration-ms="11370" started-at="2021-06-17T19:24:38Z" finished-at="2021-06-17T19:24:50Z">
          <reporter-output>
          </reporter-output>
        </test-method> <!-- test2 -->
        <test-method status="PASS" signature="beforeMethod()[pri:0, instance:taskParaBank.TaskPara@57baeedf]" name="beforeMethod" is-config="true" duration-ms="0" started-at="2021-06-17T19:24:38Z" finished-at="2021-06-17T19:24:38Z">
          <reporter-output>
          </reporter-output>
        </test-method> <!-- beforeMethod -->
        <test-method status="PASS" signature="afterMethod()[pri:0, instance:taskParaBank.TaskPara@57baeedf]" name="afterMethod" is-config="true" duration-ms="0" started-at="2021-06-17T19:24:50Z" finished-at="2021-06-17T19:24:50Z">
          <reporter-output>
          </reporter-output>
        </test-method> <!-- afterMethod -->
        <test-method status="PASS" signature="afterClass()[pri:0, instance:taskParaBank.TaskPara@57baeedf]" name="afterClass" is-config="true" duration-ms="137" started-at="2021-06-17T19:24:50Z" finished-at="2021-06-17T19:24:50Z">
          <reporter-output>
          </reporter-output>
        </test-method> <!-- afterClass -->
      </class> <!-- taskParaBank.TaskPara -->
    </test> <!-- Test -->
  </suite> <!-- Suite -->
</testng-results>
